<?xml version="1.0" encoding="UTF-8"?>
<!-- Generated by org.testng.reporters.JUnitXMLReporter -->
<testsuite hostname="CORP-PF00HQD9" name="EmailSubscriptionTest" tests="1" failures="0" timestamp="30 Apr 2016 10:06:19 GMT" time="0.072" errors="0">
  <testcase name="@BeforeTest verifyTestCaseRunmode" time="0.0" classname="com.selenium.suite.shoeshop.EmailSubscriptionTest">
    <skipped/>
  </testcase> <!-- @BeforeTest verifyTestCaseRunmode -->
  <testcase name="@AfterTest updateTestStatus" time="0.0" classname="com.selenium.suite.shoeshop.EmailSubscriptionTest">
    <skipped/>
  </testcase> <!-- @AfterTest updateTestStatus -->
  <testcase name="testEmailSubscription" time="0.0" classname="com.selenium.suite.shoeshop.EmailSubscriptionTest">
    <skipped/>
  </testcase> <!-- testEmailSubscription -->
</testsuite> <!-- EmailSubscriptionTest -->
