<?xml version="1.0" encoding="UTF-8"?>
<!-- Generated by org.testng.reporters.JUnitXMLReporter -->
<testsuite hostname="CORP-PF00HQD9" name="RegressionTest" tests="3" failures="0" timestamp="30 Apr 2016 10:25:19 GMT" time="0.089" errors="0">
  <testcase name="@BeforeTest verifyTestCaseRunmode" time="0.0" classname="com.selenium.suite.shoeshop.EmailSubscriptionTest">
    <skipped/>
  </testcase> <!-- @BeforeTest verifyTestCaseRunmode -->
  <testcase name="@AfterMethod updateDataSetStatus" time="0.0" classname="com.selenium.suite.shoeshop.EmailSubscriptionTest">
    <skipped/>
  </testcase> <!-- @AfterMethod updateDataSetStatus -->
  <testcase name="@AfterMethod updateDataSetStatus" time="0.0" classname="com.selenium.suite.shoeshop.EmailSubscriptionTest">
    <skipped/>
  </testcase> <!-- @AfterMethod updateDataSetStatus -->
  <testcase name="@AfterTest updateTestStatus" time="0.0" classname="com.selenium.suite.shoeshop.EmailSubscriptionTest">
    <skipped/>
  </testcase> <!-- @AfterTest updateTestStatus -->
  <testcase name="@AfterTest updateTestStatus" time="0.0" classname="com.selenium.suite.shoeshop.EmailSubscriptionTest">
    <skipped/>
  </testcase> <!-- @AfterTest updateTestStatus -->
  <testcase name="testEmailSubscription" time="0.002" classname="com.selenium.suite.shoeshop.EmailSubscriptionTest">
    <skipped/>
  </testcase> <!-- testEmailSubscription -->
  <testcase name="testEmailSubscription" time="0.002" classname="com.selenium.suite.shoeshop.EmailSubscriptionTest">
    <skipped/>
  </testcase> <!-- testEmailSubscription -->
  <testcase name="testMontlyShoeDisplays" time="0.0" classname="com.selenium.suite.shoeshop.MonthlyShoeDisplaysTest">
    <skipped/>
  </testcase> <!-- testMontlyShoeDisplays -->
</testsuite> <!-- RegressionTest -->
