<?xml version="1.0" encoding="UTF-8"?>
<!-- Generated by org.testng.reporters.JUnitXMLReporter -->
<testsuite hostname="CORP-PF00HQD9" name="EmailSubscriptionTest_Mozilla" tests="2" failures="0" timestamp="7 May 2016 04:57:35 GMT" time="34.646" errors="0">
  <testcase name="testEmailSubscription" time="11.071" classname="com.selenium.suite.shoeshop.EmailSubscriptionTest1"/>
  <testcase name="testEmailSubscription" time="3.875" classname="com.selenium.suite.shoeshop.EmailSubscriptionTest1"/>
</testsuite> <!-- EmailSubscriptionTest_Mozilla -->
