<?xml version="1.0" encoding="UTF-8"?>
<!-- Generated by org.testng.reporters.JUnitXMLReporter -->
<testsuite hostname="CORP-PF00HQD9" name="EmailSubscriptionTest_IE" tests="2" failures="0" timestamp="7 May 2016 05:01:26 GMT" time="265.564" errors="0">
  <testcase name="testEmailSubscription" time="141.752" classname="com.selenium.suite.shoeshop.EmailSubscriptionTest1"/>
  <testcase name="testEmailSubscription" time="114.846" classname="com.selenium.suite.shoeshop.EmailSubscriptionTest1"/>
</testsuite> <!-- EmailSubscriptionTest_IE -->
