<?xml version="1.0" encoding="UTF-8"?>
<!-- Generated by org.testng.reporters.JUnitXMLReporter -->
<testsuite hostname="CORP-PF00HQD9" name="EmailSubscriptionTest_Chrome" tests="2" failures="0" timestamp="7 May 2016 04:57:30 GMT" time="30.009" errors="0">
  <testcase name="testEmailSubscription" time="16.964" classname="com.selenium.suite.shoeshop.EmailSubscriptionTest1"/>
  <testcase name="testEmailSubscription" time="4.349" classname="com.selenium.suite.shoeshop.EmailSubscriptionTest1"/>
</testsuite> <!-- EmailSubscriptionTest_Chrome -->
