<?xml version="1.0" encoding="UTF-8"?>
<!-- Generated by org.testng.reporters.JUnitXMLReporter -->
<testsuite hostname="CORP-PF00HQD9" name="MonthlyShoeDisplaysTest" tests="13" failures="2" timestamp="5 May 2016 10:56:48 GMT" time="603.809" errors="0">
  <testcase name="@AfterMethod updateDataSetStatus" time="0.0" classname="com.selenium.suite.shoeshop.MonthlyShoeDisplaysTest">
    <failure type="org.openqa.selenium.remote.UnreachableBrowserException" message="Error communicating with the remote browser. It may have died.
Build info: version: &amp;apos;2.53.0&amp;apos;, revision: &amp;apos;35ae25b&amp;apos;, time: &amp;apos;2016-03-15 16:57:40&amp;apos;
System info: host: &amp;apos;CORP-PF00HQD9&amp;apos;, ip: &amp;apos;192.168.2.4&amp;apos;, os.name: &amp;apos;Windows 7&amp;apos;, os.arch: &amp;apos;amd64&amp;apos;, os.version: &amp;apos;6.1&amp;apos;, java.version: &amp;apos;1.8.0_60&amp;apos;
Driver info: driver.version: RemoteWebDriver
Capabilities [{applicationCacheEnabled=true, rotatable=false, handlesAlerts=true, databaseEnabled=true, version=46.0, platform=WINDOWS, nativeEvents=false, acceptSslCerts=true, webdriver.remote.sessionid=e14bd830-204a-4706-adec-8bd49e4f8ac4, webStorageEnabled=true, locationContextEnabled=true, browserName=firefox, takesScreenshot=true, javascriptEnabled=true, cssSelectorsEnabled=true}]
Session ID: e14bd830-204a-4706-adec-8bd49e4f8ac4">
      <![CDATA[org.openqa.selenium.remote.UnreachableBrowserException: Error communicating with the remote browser. It may have died.
Build info: version: '2.53.0', revision: '35ae25b', time: '2016-03-15 16:57:40'
System info: host: 'CORP-PF00HQD9', ip: '192.168.2.4', os.name: 'Windows 7', os.arch: 'amd64', os.version: '6.1', java.version: '1.8.0_60'
Driver info: driver.version: RemoteWebDriver
Capabilities [{applicationCacheEnabled=true, rotatable=false, handlesAlerts=true, databaseEnabled=true, version=46.0, platform=WINDOWS, nativeEvents=false, acceptSslCerts=true, webdriver.remote.sessionid=e14bd830-204a-4706-adec-8bd49e4f8ac4, webStorageEnabled=true, locationContextEnabled=true, browserName=firefox, takesScreenshot=true, javascriptEnabled=true, cssSelectorsEnabled=true}]
Session ID: e14bd830-204a-4706-adec-8bd49e4f8ac4
	at org.openqa.selenium.remote.RemoteWebDriver.execute(RemoteWebDriver.java:665)
	at org.openqa.selenium.remote.RemoteWebDriver.execute(RemoteWebDriver.java:701)
	at org.openqa.selenium.remote.RemoteWebDriver.close(RemoteWebDriver.java:521)
	at com.selenium.base.TestBase.closeBrowser(TestBase.java:149)
	at com.selenium.suite.shoeshop.MonthlyShoeDisplaysTest.updateDataSetStatus(MonthlyShoeDisplaysTest.java:182)
	at java.util.concurrent.FutureTask.run(FutureTask.java:266)
	at java.util.concurrent.ThreadPoolExecutor.runWorker(ThreadPoolExecutor.java:1142)
	at java.util.concurrent.ThreadPoolExecutor$Worker.run(ThreadPoolExecutor.java:617)
	at java.lang.Thread.run(Thread.java:745)
Caused by: org.apache.http.conn.HttpHostConnectException: Connect to localhost:4444 [localhost/127.0.0.1, localhost/0:0:0:0:0:0:0:1] failed: Connection refused: connect
	at org.apache.http.impl.conn.DefaultHttpClientConnectionOperator.connect(DefaultHttpClientConnectionOperator.java:151)
	at org.apache.http.impl.conn.PoolingHttpClientConnectionManager.connect(PoolingHttpClientConnectionManager.java:353)
	at org.apache.http.impl.execchain.MainClientExec.establishRoute(MainClientExec.java:380)
	at org.apache.http.impl.execchain.MainClientExec.execute(MainClientExec.java:236)
	at org.apache.http.impl.execchain.ProtocolExec.execute(ProtocolExec.java:184)
	at org.apache.http.impl.execchain.RetryExec.execute(RetryExec.java:88)
	at org.apache.http.impl.execchain.RedirectExec.execute(RedirectExec.java:110)
	at org.apache.http.impl.client.InternalHttpClient.doExecute(InternalHttpClient.java:184)
	at org.apache.http.impl.client.CloseableHttpClient.execute(CloseableHttpClient.java:71)
	at org.apache.http.impl.client.CloseableHttpClient.execute(CloseableHttpClient.java:55)
	at org.openqa.selenium.remote.internal.ApacheHttpClient.fallBackExecute(ApacheHttpClient.java:144)
	at org.openqa.selenium.remote.internal.ApacheHttpClient.execute(ApacheHttpClient.java:90)
	at org.openqa.selenium.remote.HttpCommandExecutor.execute(HttpCommandExecutor.java:142)
	at org.openqa.selenium.remote.RemoteWebDriver.execute(RemoteWebDriver.java:644)
	... 26 more
Caused by: java.net.ConnectException: Connection refused: connect
	at java.net.DualStackPlainSocketImpl.waitForConnect(Native Method)
	at java.net.DualStackPlainSocketImpl.socketConnect(DualStackPlainSocketImpl.java:85)
	at java.net.AbstractPlainSocketImpl.doConnect(AbstractPlainSocketImpl.java:350)
	at java.net.AbstractPlainSocketImpl.connectToAddress(AbstractPlainSocketImpl.java:206)
	at java.net.AbstractPlainSocketImpl.connect(AbstractPlainSocketImpl.java:188)
	at java.net.PlainSocketImpl.connect(PlainSocketImpl.java:172)
	at java.net.SocksSocketImpl.connect(SocksSocketImpl.java:392)
	at java.net.Socket.connect(Socket.java:589)
	at org.apache.http.conn.socket.PlainConnectionSocketFactory.connectSocket(PlainConnectionSocketFactory.java:74)
	at org.apache.http.impl.conn.DefaultHttpClientConnectionOperator.connect(DefaultHttpClientConnectionOperator.java:134)
	... 39 more
... Removed 18 stack frames]]>
    </failure>
  </testcase> <!-- @AfterMethod updateDataSetStatus -->
  <testcase name="@AfterMethod updateDataSetStatus" time="0.0" classname="com.selenium.suite.shoeshop.MonthlyShoeDisplaysTest">
    <skipped/>
  </testcase> <!-- @AfterMethod updateDataSetStatus -->
  <testcase name="@AfterTest updateTestStatus" time="0.0" classname="com.selenium.suite.shoeshop.MonthlyShoeDisplaysTest">
    <skipped/>
  </testcase> <!-- @AfterTest updateTestStatus -->
  <testcase name="testMontlyShoeDisplays" time="25.081" classname="com.selenium.suite.shoeshop.MonthlyShoeDisplaysTest"/>
  <testcase name="testMontlyShoeDisplays" time="24.583" classname="com.selenium.suite.shoeshop.MonthlyShoeDisplaysTest"/>
  <testcase name="testMontlyShoeDisplays" time="23.511" classname="com.selenium.suite.shoeshop.MonthlyShoeDisplaysTest"/>
  <testcase name="testMontlyShoeDisplays" time="24.531" classname="com.selenium.suite.shoeshop.MonthlyShoeDisplaysTest"/>
  <testcase name="testMontlyShoeDisplays" time="22.483" classname="com.selenium.suite.shoeshop.MonthlyShoeDisplaysTest"/>
  <testcase name="testMontlyShoeDisplays" time="232.672" classname="com.selenium.suite.shoeshop.MonthlyShoeDisplaysTest"/>
  <testcase name="testMontlyShoeDisplays" time="22.535" classname="com.selenium.suite.shoeshop.MonthlyShoeDisplaysTest"/>
  <testcase name="testMontlyShoeDisplays" time="21.96" classname="com.selenium.suite.shoeshop.MonthlyShoeDisplaysTest"/>
  <testcase name="testMontlyShoeDisplays" time="28.898" classname="com.selenium.suite.shoeshop.MonthlyShoeDisplaysTest"/>
  <testcase name="testMontlyShoeDisplays" time="20.694" classname="com.selenium.suite.shoeshop.MonthlyShoeDisplaysTest"/>
  <testcase name="testMontlyShoeDisplays" time="22.685" classname="com.selenium.suite.shoeshop.MonthlyShoeDisplaysTest">
    <failure type="java.lang.AssertionError" message="Image src is null.No Image to display. expected [true] but found [false]">
      <![CDATA[java.lang.AssertionError: Image src is null.No Image to display. expected [true] but found [false]
	at com.selenium.suite.shoeshop.MonthlyShoeDisplaysTest.testMontlyShoeDisplays(MonthlyShoeDisplaysTest.java:146)
	at java.util.concurrent.FutureTask.run(FutureTask.java:266)
	at java.util.concurrent.ThreadPoolExecutor.runWorker(ThreadPoolExecutor.java:1142)
	at java.util.concurrent.ThreadPoolExecutor$Worker.run(ThreadPoolExecutor.java:617)
	at java.lang.Thread.run(Thread.java:745)
... Removed 19 stack frames]]>
    </failure>
  </testcase> <!-- testMontlyShoeDisplays -->
  <testcase name="testMontlyShoeDisplays" time="127.972" classname="com.selenium.suite.shoeshop.MonthlyShoeDisplaysTest">
    <failure type="java.lang.AssertionError" message="Shoes are not displayed properly for the test month-December-&amp;gt;Could not start a new session. Possible causes are invalid address of the remote server or browser start-up failure.
Build info: version: &amp;apos;2.53.0&amp;apos;, revision: &amp;apos;35ae25b&amp;apos;, time: &amp;apos;2016-03-15 16:57:40&amp;apos;
System info: host: &amp;apos;CORP-PF00HQD9&amp;apos;, ip: &amp;apos;192.168.2.4&amp;apos;, os.name: &amp;apos;Windows 7&amp;apos;, os.arch: &amp;apos;amd64&amp;apos;, os.version: &amp;apos;6.1&amp;apos;, java.version: &amp;apos;1.8.0_60&amp;apos;
Driver info: driver.version: RemoteWebDriver">
      <![CDATA[java.lang.AssertionError: Shoes are not displayed properly for the test month-December->Could not start a new session. Possible causes are invalid address of the remote server or browser start-up failure.
Build info: version: '2.53.0', revision: '35ae25b', time: '2016-03-15 16:57:40'
System info: host: 'CORP-PF00HQD9', ip: '192.168.2.4', os.name: 'Windows 7', os.arch: 'amd64', os.version: '6.1', java.version: '1.8.0_60'
Driver info: driver.version: RemoteWebDriver
	at com.selenium.suite.shoeshop.MonthlyShoeDisplaysTest.testMontlyShoeDisplays(MonthlyShoeDisplaysTest.java:161)
	at java.util.concurrent.FutureTask.run(FutureTask.java:266)
	at java.util.concurrent.ThreadPoolExecutor.runWorker(ThreadPoolExecutor.java:1142)
	at java.util.concurrent.ThreadPoolExecutor$Worker.run(ThreadPoolExecutor.java:617)
	at java.lang.Thread.run(Thread.java:745)
... Removed 17 stack frames]]>
    </failure>
  </testcase> <!-- testMontlyShoeDisplays -->
  <testcase name="testMontlyShoeDisplays" time="0.003" classname="com.selenium.suite.shoeshop.MonthlyShoeDisplaysTest">
    <skipped/>
  </testcase> <!-- testMontlyShoeDisplays -->
</testsuite> <!-- MonthlyShoeDisplaysTest -->
